2025-10-30 16:08:35,532 DEBUG: Calling on_part_begin with no data
2025-10-30 16:08:35,533 DEBUG: Calling on_header_field with data[44:63]
2025-10-30 16:08:35,533 DEBUG: Calling on_header_value with data[65:270]
2025-10-30 16:08:35,533 DEBUG: Calling on_header_end with no data
2025-10-30 16:08:35,533 DEBUG: Calling on_header_field with data[272:284]
2025-10-30 16:08:35,533 DEBUG: Calling on_header_value with data[286:310]
2025-10-30 16:08:35,533 DEBUG: Calling on_header_end with no data
2025-10-30 16:08:35,533 DEBUG: Calling on_headers_finished with no data
2025-10-30 16:08:35,533 DEBUG: Calling on_part_data with data[314:13032]
2025-10-30 16:08:35,533 DEBUG: Calling on_part_data with data[0:34737]
2025-10-30 16:08:35,533 DEBUG: Calling on_part_end with no data
2025-10-30 16:08:35,533 DEBUG: Calling on_end with no data
2025-10-30 16:09:10,397 DEBUG: Calling on_part_begin with no data
2025-10-30 16:09:10,397 DEBUG: Calling on_header_field with data[44:63]
2025-10-30 16:09:10,397 DEBUG: Calling on_header_value with data[65:280]
2025-10-30 16:09:10,397 DEBUG: Calling on_header_end with no data
2025-10-30 16:09:10,397 DEBUG: Calling on_header_field with data[282:294]
2025-10-30 16:09:10,397 DEBUG: Calling on_header_value with data[296:320]
2025-10-30 16:09:10,397 DEBUG: Calling on_header_end with no data
2025-10-30 16:09:10,397 DEBUG: Calling on_headers_finished with no data
2025-10-30 16:09:10,397 DEBUG: Calling on_part_data with data[324:13032]
2025-10-30 16:09:10,398 DEBUG: Calling on_part_data with data[0:57632]
2025-10-30 16:09:10,398 DEBUG: Calling on_part_data with data[0:29248]
2025-10-30 16:09:10,399 DEBUG: Calling on_part_data with data[0:13760]
2025-10-30 16:09:10,399 DEBUG: Calling on_part_data with data[0:10856]
2025-10-30 16:09:10,399 DEBUG: Calling on_part_data with data[0:40544]
2025-10-30 16:09:10,399 DEBUG: Calling on_part_data with data[0:59368]
2025-10-30 16:09:10,400 DEBUG: Calling on_part_data with data[0:11584]
2025-10-30 16:09:10,400 DEBUG: Calling on_part_data with data[0:59368]
2025-10-30 16:09:10,401 DEBUG: Calling on_part_data with data[0:108599]
2025-10-30 16:09:10,402 DEBUG: Calling on_part_data with data[0:1]
2025-10-30 16:09:10,402 DEBUG: Calling on_part_data with data[0:256000]
2025-10-30 16:09:10,402 DEBUG: Calling on_part_data with data[0:58940]
2025-10-30 16:09:10,402 DEBUG: Calling on_part_end with no data
2025-10-30 16:09:10,402 DEBUG: Calling on_end with no data
